2025-03-28 08:00:04 INFO app.server: Handled request 9187 in 71ms
2025-03-28 08:00:07 INFO app.server: Handled request 1604 in 150ms
2025-03-28 08:00:09 INFO app.server: Handled request 3495 in 45ms
2025-03-28 08:00:12 ERROR app.server: Handled request 9025 in 137ms
2025-03-28 08:00:14 INFO app.server: Handled request 2149 in 117ms
2025-03-28 08:00:18 INFO app.server: Handled request 6831 in 89ms
2025-03-28 08:00:19 INFO app.server: Handled request 2373 in 147ms
2025-03-28 08:00:23 ERROR app.server: Handled request 4337 in 173ms
2025-03-28 08:00:25 INFO app.server: Handled request 2458 in 180ms
2025-03-28 08:00:29 WARN app.server: Handled request 4019 in 50ms
2025-03-28 08:00:31 INFO app.server: Handled request 5509 in 70ms
2025-03-28 08:00:33 INFO app.server: Handled request 8418 in 39ms
2025-03-28 08:00:37 WARN app.server: Handled request 5176 in 177ms
2025-03-28 08:00:38 ERROR app.server: Handled request 8858 in 130ms
2025-03-28 08:00:41 WARN app.server: Handled request 2998 in 135ms
2025-03-28 08:00:44 INFO app.server: Handled request 2471 in 134ms
2025-03-28 08:00:48 ERROR app.server: Handled request 9840 in 54ms
2025-03-28 08:00:50 INFO app.server: Handled request 3086 in 44ms
2025-03-28 08:00:53 WARN app.server: Handled request 6774 in 157ms
2025-03-28 08:00:54 INFO app.server: Handled request 9924 in 141ms
2025-03-28 08:00:55 INFO app.server: Handled request 290 in 44ms
2025-03-28 08:00:59 ERROR app.server: Handled request 7731 in 21ms
2025-03-28 08:01:00 WARN app.server: Handled request 5239 in 155ms
2025-03-28 08:01:01 INFO app.server: Handled request 3881 in 23ms
2025-03-28 08:01:04 ERROR app.server: Handled request 3253 in 158ms
2025-03-28 08:01:08 INFO app.server: Handled request 4191 in 74ms
2025-03-28 08:01:11 INFO app.server: Handled request 3688 in 72ms
2025-03-28 08:01:15 INFO app.server: Handled request 4922 in 31ms
2025-03-28 08:01:18 INFO app.server: Handled request 3095 in 141ms
ERR missing timestamp
2025-03-28 08:01:21 INFO app.server: Handled request 8350 in 134ms
2025-03-28 08:01:22 WARN app.server: Handled request 3748 in 2ms
2025-03-28 08:01:24 WARN app.server: Handled request 7682 in 63ms
2025-03-28 08:01:26 INFO app.server: Handled request 4318 in 98ms
2025-03-28 08:01:29 WARN app.server: Handled request 5281 in 155ms
2025-03-28 08:01:33 WARN app.server: Handled request 7748 in 141ms
2025-03-28 08:01:37 INFO app.server: Handled request 6909 in 109ms
2025-03-28 08:01:40 WARN app.server: Handled request 9590 in 67ms
2025-03-28 08:01:44 INFO app.server: Handled request 9614 in 57ms
2025-03-28 08:01:46 INFO app.server: Handled request 3802 in 48ms
2025-03-28 08:01:47 INFO app.server: Handled request 8258 in 26ms
2025-03-28 08:01:50 INFO app.server: Handled request 9230 in 70ms
2025-03-28 08:01:54 WARN app.server: Handled request 5471 in 106ms
2025-03-28 08:01:55 INFO app.server: Handled request 9067 in 111ms
2025-03-28 08:01:57 ERROR app.server: Handled request 1524 in 38ms
2025-03-28 08:02:00 INFO app.server: Handled request 6690 in 40ms
2025-03-28 08:02:02 ERROR app.server: Handled request 6630 in 144ms
2025-03-28 08:02:06 INFO app.server: Handled request 7546 in 5ms
2025-03-28 08:02:08 ERROR app.server: Handled request 3862 in 194ms
2025-03-28 08:02:12 INFO app.server: Handled request 6153 in 142ms
2025-03-28 08:02:15 WARN app.server: Handled request 2660 in 115ms
2025-03-28 08:02:19 WARN app.server: Handled request 4917 in 99ms
2025-03-28 08:02:20 INFO app.server: Handled request 1615 in 43ms
2025-03-28 08:02:24 INFO app.server: Handled request 1821 in 77ms
2025-03-28 08:02:26 INFO app.server: Handled request 9669 in 75ms
2025-03-28 08:02:29 WARN app.server: Handled request 536 in 108ms
2025-03-28 08:02:31 WARN app.server: Handled request 2125 in 141ms
2025-03-28 08:02:32 INFO app.server: Handled request 9497 in 112ms
2025-03-28 08:02:36 INFO app.server: Handled request 3697 in 25ms
2025-03-28 08:02:37 WARN app.server: Handled request 6914 in 167ms
2025-03-28 08:02:39 INFO app.server: Handled request 476 in 124ms
2025-03-28 08:02:40 INFO app.server: Handled request 7388 in 155ms
2025-03-28 08:02:44 INFO app.server: Handled request 1948 in 200ms
2025-03-28 08:02:46 ERROR app.server: Handled request 9127 in 75ms
2025-03-28 08:02:49 WARN app.server: Handled request 8754 in 31ms
2025-03-28 08:02:50 WARN app.server: Handled request 1484 in 61ms
2025-03-28 08:02:54 WARN app.server: Handled request 7349 in 157ms
2025-03-28 08:02:55 ERROR app.server: Handled request 3803 in 73ms
2025-03-28 08:02:57 ERROR app.server: Handled request 1484 in 195ms
2025-03-28 08:02:59 WARN app.server: Handled request 3954 in 69ms
2025-03-28 08:03:00 INFO app.server: Handled request 8659 in 190ms
2025-03-28 08:03:03 WARN app.server: Handled request 4210 in 143ms
2025-03-28 08:03:05 INFO app.server: Handled request 8235 in 152ms
2025-03-28 08:03:09 WARN app.server: Handled request 2105 in 143ms
2025-03-28 08:03:13 ERROR app.server: Handled request 484 in 18ms
2025-03-28 08:03:14 WARN app.server: Handled request 3407 in 1ms
2025-03-28 08:03:16 INFO app.server: Handled request 7799 in 159ms
2025-03-28 08:03:20 INFO app.server: Handled request 2991 in 48ms
2025-03-28 08:03:22 WARN app.server: Handled request 448 in 19ms
2025-03-28 08:03:25 WARN app.server: Handled request 2202 in 162ms
2025-03-28 08:03:27 WARN app.server: Handled request 498 in 42ms
2025-03-28 08:03:28 INFO app.server: Handled request 6936 in 200ms
2025-03-28 08:03:31 WARN app.server: Handled request 3872 in 112ms
2025-03-28 08:03:32 INFO app.server: Handled request 3975 in 142ms
2025-03-28 08:03:36 INFO app.server: Handled request 5803 in 12ms
2025-03-28 08:03:39 INFO app.server: Handled request 5744 in 189ms
2025-03-28 08:03:42 WARN app.server: Handled request 4460 in 8ms
2025-03-28 08:03:46 ERROR app.server: Handled request 3464 in 27ms
2025-03-28 08:03:48 INFO app.server: Handled request 4002 in 179ms

2025-03-28 08:03:53 ERROR app.server: Handled request 952 in 132ms
2025-03-28 08:03:54 ERROR app.server: Handled request 3177 in 143ms
2025-03-28 08:03:55 INFO app.server: Handled request 3654 in 149ms
2025-03-28 08:03:56 WARN app.server: Handled request 8262 in 127ms
2025-03-28 08:03:59 INFO app.server: Handled request 8683 in 7ms
2025-03-28 08:04:00 INFO app.server: Handled request 7431 in 59ms
2025-03-28 08:04:03 ERROR app.server: Handled request 3044 in 16ms
2025-03-28 08:04:05 WARN app.server: Handled request 4889 in 196ms
2025-03-28 08:04:08 INFO app.server: Handled request 9133 in 26ms
2025-03-28 08:04:11 INFO app.server: Handled request 9255 in 67ms
2025-03-28 08:04:14 WARN app.server: Handled request 9770 in 60ms
2025-03-28 08:04:16 INFO app.server: Handled request 5035 in 143ms
2025-03-28 08:04:18 ERROR app.server: Handled request 5017 in 199ms
2025-03-28 08:04:20 INFO app.server: Handled request 3992 in 191ms
2025-03-28 08:04:23 INFO app.server: Handled request 410 in 110ms
2025-03-28 08:04:24 ERROR app.server: Handled request 1469 in 18ms
2025-03-28 08:04:26 INFO app.server: Handled request 198 in 190ms
2025-03-28 08:04:29 WARN app.server: Handled request 9351 in 39ms
2025-03-28 08:04:33 WARN app.server: Handled request 242 in 166ms
2025-03-28 08:04:34 ERROR app.server: Handled request 3081 in 24ms
2025-03-28 08:04:38 WARN app.server: Handled request 8702 in 81ms
2025-03-28 08:04:41 WARN app.server: Handled request 5366 in 188ms
2025-03-28 08:04:43 INFO app.server: Handled request 8338 in 71ms
2025-03-28 08:04:46 ERROR app.server: Handled request 6727 in 148ms
2025-03-28 08:04:49 ERROR app.server: Handled request 2019 in 179ms
2025-03-28 08:04:52 INFO app.server: Handled request 642 in 130ms
2025-03-28 08:04:55 WARN app.server: Handled request 1765 in 192ms
2025-03-28 08:04:59 ERROR app.server: Handled request 3271 in 32ms
2025-03-28 08:05:03 WARN app.server: Handled request 7675 in 135ms
2025-03-28 08:07:03 ERROR app.server: Handled request 2070 in 132ms
2025-03-28 08:07:07 INFO app.server: Handled request 7495 in 47ms
2025-03-28 08:07:11 INFO app.server: Handled request 294 in 145ms
2025-03-28 08:07:12 INFO app.server: Handled request 8083 in 35ms
2025-03-28 08:07:14 INFO app.server: Handled request 8174 in 192ms
2025-03-28 08:07:18 INFO app.server: Handled request 8380 in 47ms
2025-03-28 08:07:20 INFO app.server: Handled request 6806 in 56ms
2025-03-28 08:07:22 WARN app.server: Handled request 4361 in 107ms
2025-03-28 08:07:23 INFO app.server: Handled request 298 in 22ms
2025-03-28 08:07:24 WARN app.server: Handled request 4289 in 174ms
2025-03-28 08:07:28 WARN app.server: Handled request 661 in 149ms
2025-03-28 08:07:29 INFO app.server: Handled request 8497 in 98ms
2025-03-28 08:07:31 INFO app.server: Handled request 2195 in 191ms
2025-03-28 08:07:34 INFO app.server: Handled request 3706 in 159ms
2025-03-28 08:07:38 INFO app.server: Handled request 832 in 57ms
2025-03-28 08:07:41 INFO app.server: Handled request 3143 in 100ms
2025-03-28 08:07:42 INFO app.server: Handled request 6681 in 38ms
2025-03-28 08:07:46 WARN app.server: Handled request 9811 in 10ms
2025-03-28 08:07:49 INFO app.server: Handled request 8039 in 125ms
2025-03-28 08:07:50 INFO app.server: Handled request 7476 in 45ms
2025-03-28 08:07:53 INFO app.server: Handled request 6031 in 11ms
2025-03-28 08:07:56 INFO app.server: Handled request 5424 in 68ms
2025-03-28 08:07:57 ERROR app.server: Handled request 9852 in 183ms
2025-03-28 08:08:01 INFO app.server: Handled request 3264 in 27ms
2025-03-28 08:08:04 WARN app.server: Handled request 6177 in 64ms
2025-03-28 08:08:05 WARN app.server: Handled request 516 in 42ms
2025-03-28 08:08:06 ERROR app.server: Handled request 6329 in 199ms
2025-03-28 08:08:10 WARN app.server: Handled request 2066 in 13ms
2025-03-28 08:08:12 WARN app.server: Handled request 9632 in 127ms
2025-03-28 08:08:15 WARN app.server: Handled request 1762 in 11ms
2025-03-28 08:08:18 ERROR app.server: Handled request 2030 in 8ms
2025-03-28 08:08:22 INFO app.server: Handled request 7784 in 46ms
2025-03-28 08:08:24 WARN app.server: Handled request 3804 in 107ms
2025-03-28 08:08:27 INFO app.server: Handled request 9829 in 34ms
2025-03-28 08:08:30 WARN app.server: Handled request 488 in 60ms
2025-03-28 08:08:31 ERROR app.server: Handled request 541 in 57ms
2025-03-28 08:08:34 INFO app.server: Handled request 6791 in 191ms
2025-03-28 08:08:35 INFO app.server: Handled request 35 in 107ms
2025-03-28 08:08:39 WARN app.server: Handled request 727 in 175ms
2025-03-28 08:08:40 ERROR app.server: Handled request 9188 in 18ms
2025-03-28 08:08:43 INFO app.server: Handled request 2473 in 123ms
2025-03-28 08:08:47 INFO app.server: Handled request 1877 in 88ms
2025-03-28 08:08:48 ERROR app.server: Handled request 4244 in 127ms
2025-03-28 08:08:52 ERROR app.server: Handled request 2256 in 120ms
2025-03-28 08:08:56 INFO app.server: Handled request 6427 in 103ms
2025-03-28 08:08:57 WARN app.server: Handled request 1611 in 171ms
2025-03-28 08:08:58 INFO app.server: Handled request 8971 in 107ms
2025-03-28 08:08:59 INFO app.server: Handled request 6903 in 127ms
2025-03-28 08:09:03 WARN app.server: Handled request 7507 in 167ms
2025-03-28 08:09:04 INFO app.server: Handled request 9959 in 34ms
2025-03-28 08:09:08 INFO app.server: Handled request 6190 in 83ms
2025-03-28 08:09:09 WARN app.server: Handled request 1552 in 59ms
2025-03-28 08:09:13 INFO app.server: Handled request 182 in 126ms
2025-03-28 08:09:17 ERROR app.server: Handled request 1606 in 50ms
2025-03-28 08:09:21 WARN app.server: Handled request 866 in 43ms

2025-03-28 08:09:25 INFO app.server: Handled request 9472 in 193ms
2025-03-28 08:09:27 WARN app.server: Handled request 5867 in 120ms
2025-03-28 08:09:30 ERROR app.server: Handled request 769 in 140ms
2025-03-28 08:09:32 INFO app.server: Handled request 759 in 56ms
2025-03-28 08:09:33 INFO app.server: Handled request 7651 in 106ms
2025-03-28 08:09:35 INFO app.server: Handled request 9867 in 189ms
2025-03-28 08:09:37 INFO app.server: Handled request 4517 in 60ms
2025-03-28 08:09:41 ERROR app.server: Handled request 3527 in 25ms
2025-03-28 08:09:44 INFO app.server: Handled request 3288 in 160ms
2025-03-28 08:09:45 WARN app.server: Handled request 513 in 169ms
2025-03-28 08:09:49 INFO app.server: Handled request 881 in 52ms
2025-03-28 08:09:50 INFO app.server: Handled request 488 in 43ms
2025-03-28 08:09:54 ERROR app.server: Handled request 9462 in 27ms
2025-03-28 08:09:57 WARN app.server: Handled request 4662 in 133ms
2025-03-28 08:09:58 INFO app.server: Handled request 5942 in 30ms
2025-03-28 08:10:00 INFO app.server: Handled request 4733 in 20ms
2025-03-28 08:10:02 ERROR app.server: Handled request 2093 in 39ms
2025-03-28 08:10:06 INFO app.server: Handled request 9521 in 72ms
2025-03-28 08:10:09 WARN app.server: Handled request 5798 in 176ms
2025-03-28 08:10:11 INFO app.server: Handled request 4286 in 119ms
2025-03-28 08:10:14 WARN app.server: Handled request 1896 in 33ms
2025-03-28 08:10:15 INFO app.server: Handled request 5935 in 64ms
2025-03-28 08:10:18 ERROR app.server: Handled request 2278 in 139ms
2025-03-28 08:10:22 ERROR app.server: Handled request 3293 in 158ms
2025-03-28 08:10:24 WARN app.server: Handled request 6792 in 62ms
2025-03-28 08:10:25 WARN app.server: Handled request 2554 in 85ms
2025-03-28 08:10:27 WARN app.server: Handled request 2365 in 157ms
2025-03-28 08:10:30 INFO app.server: Handled request 4895 in 177ms
2025-03-28 08:10:31 WARN app.server: Handled request 3304 in 126ms
2025-03-28 08:10:32 INFO app.server: Handled request 5418 in 179ms
2025-03-28 08:10:34 INFO app.server: Handled request 4306 in 20ms
2025-03-28 08:10:36 INFO app.server: Handled request 7807 in 45ms
2025-03-28 08:10:40 INFO app.server: Handled request 6494 in 1ms
2025-03-28 08:10:44 INFO app.server: Handled request 136 in 43ms
2025-03-28 08:10:45 ERROR app.server: Handled request 244 in 103ms
2025-03-28 08:10:49 ERROR app.server: Handled request 4869 in 187ms
2025-03-28 08:10:50 INFO app.server: Handled request 1135 in 182ms
2025-03-28 08:10:52 INFO app.server: Handled request 7833 in 102ms
2025-03-28 08:10:54 ERROR app.server: Handled request 4068 in 101ms
2025-03-28 08:10:58 INFO app.server: Handled request 8873 in 175ms
2025-03-28 08:11:01 INFO app.server: Handled request 5744 in 68ms
2025-03-28 08:11:03 INFO app.server: Handled request 2502 in 97ms
2025-03-28 08:11:06 INFO app.server: Handled request 8870 in 27ms
2025-03-28 08:11:08 INFO app.server: Handled request 5494 in 93ms
2025-03-28 08:11:10 ERROR app.server: Handled request 9767 in 196ms
2025-03-28 08:11:12 ERROR app.server: Handled request 7579 in 53ms
2025-03-28 08:11:15 INFO app.server: Handled request 6358 in 148ms
2025-03-28 08:11:19 INFO app.server: Handled request 6943 in 157ms
2025-03-28 08:11:23 INFO app.server: Handled request 15 in 139ms
2025-03-28 08:11:27 INFO app.server: Handled request 6662 in 50ms
2025-03-28 08:11:29 INFO app.server: Handled request 926 in 72ms
2025-03-28 08:11:31 ERROR app.server: Handled request 1735 in 189ms
2025-03-28 08:11:33 WARN app.server: Handled request 7942 in 30ms
2025-03-28 08:11:36 INFO app.server: Handled request 4407 in 117ms
2025-03-28 08:11:39 INFO app.server: Handled request 1056 in 146ms
2025-03-28 08:11:43 WARN app.server: Handled request 443 in 133ms
2025-03-28 08:11:45 INFO app.server: Handled request 6167 in 86ms
2025-03-28 08:11:49 INFO app.server: Handled request 2554 in 25ms
2025-03-28 08:11:52 INFO app.server: Handled request 7853 in 178ms
2025-03-28 08:11:55 INFO app.server: Handled request 1741 in 162ms
2025-03-28 08:11:58 INFO app.server: Handled request 8320 in 6ms
2025-03-28 08:12:00 ERROR app.server: Handled request 997 in 163ms
2025-03-28 08:12:02 INFO app.server: Handled request 5472 in 180ms
2025-03-28 08:12:05 INFO app.server: Handled request 9355 in 185ms
2025-03-28 08:12:06 WARN app.server: Handled request 692 in 108ms
2025-03-28 08:12:07 WARN app.server: Handled request 7336 in 190ms
2025-03-28 08:12:11 WARN app.server: Handled request 3154 in 122ms
2025-03-28 08:12:12 ERROR app.server: Handled request 4017 in 157ms
2025-03-28 08:12:15 WARN app.server: Handled request 7470 in 25ms
2025-03-28 08:12:16 INFO app.server: Handled request 9597 in 84ms
2025-03-28 08:12:18 INFO app.server: Handled request 2832 in 114ms
2025-03-28 08:12:22 WARN app.server: Handled request 2430 in 172ms
2025-03-28 08:12:26 INFO app.server: Handled request 6550 in 82ms
2025-03-28 08:12:30 INFO app.server: Handled request 5906 in 194ms
2025-03-28 08:12:33 INFO app.server: Handled request 4302 in 50ms
2025-03-28 08:12:36 INFO app.server: Handled request 2259 in 80ms
2025-03-28 08:12:40 INFO app.server: Handled request 2717 in 163ms
2025-03-28 08:12:43 ERROR app.server: Handled request 9881 in 97ms
2025-03-28 08:12:45 ERROR app.server: Handled request 8874 in 188ms
2025-03-28 08:12:49 WARN app.server: Handled request 5434 in 117ms
2025-03-28 08:12:50 INFO app.server: Handled request 7065 in 185ms
2025-03-28 08:12:52 ERROR app.server: Handled request 7477 in 90ms
2025-03-28 08:12:53 WARN app.server: Handled request 9234 in 56ms
2025-03-28 08:12:55 INFO app.server: Handled request 6697 in 42ms
2025-03-28 08:12:57 INFO app.server: Handled request 4172 in 171ms
2025-03-28 08:12:59 INFO app.server: Handled request 1264 in 17ms
2025-03-28 08:13:00 WARN app.server: Handled request 4845 in 83ms
2025-03-28 08:13:02 INFO app.server: Handled request 6787 in 174ms
2025-03-28 08:13:05 INFO app.server: Handled request 828 in 41ms
2025-03-28 08:13:07 ERROR app.server: Handled request 165 in 40ms
2025-03-28 08:13:09 WARN app.server: Handled request 6343 in 12ms
2025-03-28 08:13:13 WARN app.server: Handled request 9890 in 46ms
2025-03-28 08:13:15 WARN app.server: Handled request 1258 in 10ms
2025-03-28 08:13:17 WARN app.server: Handled request 5394 in 44ms
2025-03-28 08:13:21 ERROR app.server: Handled request 5696 in 134ms
2025-03-28 08:13:22 INFO app.server: Handled request 4159 in 17ms
2025-03-28 08:13:24 INFO app.server: Handled request 9853 in 147ms
2025-03-28 08:13:26 INFO app.server: Handled request 6880 in 178ms
2025-03-28 08:13:27 INFO app.server: Handled request 8089 in 131ms
2025-03-28 08:13:28 INFO app.server: Handled request 8273 in 157ms
2025-03-28 08:13:29 INFO app.server: Handled request 7767 in 168ms
2025-03-28 08:13:32 ERROR app.server: Handled request 4464 in 22ms
2025-03-28 08:13:33 WARN app.server: Handled request 2786 in 123ms
2025-03-28 08:13:36 WARN app.server: Handled request 3633 in 2ms
2025-03-28 08:30:16 INFO app.server: Handled request 9666 in 47ms
2025-03-28 08:30:18 ERROR app.server: Handled request 2834 in 72ms
2025-03-28 08:30:21 ERROR app.server: Handled request 2146 in 51ms
2025-03-28 08:30:23 INFO app.server: Handled request 1590 in 17ms
2025-03-28 08:30:26 INFO app.server: Handled request 7315 in 65ms
2025-03-28 08:30:27 INFO app.server: Handled request 3893 in 58ms
2025-03-28 08:30:30 ERROR app.server: Handled request 4176 in 173ms
2025-03-28 08:30:33 WARN app.server: Handled request 7183 in 136ms
2025-03-28 08:30:37 WARN app.server: Handled request 3784 in 122ms
2025-03-28 08:30:41 WARN app.server: Handled request 6645 in 7ms
2025-03-28 08:30:44 ERROR app.server: Handled request 9882 in 32ms
2025-03-28 08:30:45 WARN app.server: Handled request 3653 in 119ms
2025-03-28 08:30:48 WARN app.server: Handled request 9408 in 77ms
2025-03-28 08:30:49 ERROR app.server: Handled request 5389 in 95ms
2025-03-28 08:30:53 INFO app.server: Handled request 6379 in 63ms
2025-03-28 08:30:56 ERROR app.server: Handled request 3447 in 177ms
2025-03-28 08:30:57 INFO app.server: Handled request 7005 in 198ms
2025-03-28 08:31:01 INFO app.server: Handled request 3176 in 146ms
2025-03-28 08:31:05 WARN app.server: Handled request 2162 in 51ms
2025-03-28 08:31:09 INFO app.server: Handled request 5601 in 9ms
2025-03-28 08:31:13 WARN app.server: Handled request 1870 in 172ms
2025-03-28 08:31:14 INFO app.server: Handled request 700 in 199ms
2025-03-28 08:31:17 ERROR app.server: Handled request 9679 in 155ms
2025-03-28 08:31:19 INFO app.server: Handled request 3363 in 144ms
2025-03-28 08:31:23 INFO app.server: Handled request 6341 in 12ms
2025-03-28 08:31:25 ERROR app.server: Handled request 5073 in 162ms
2025-03-28 08:31:29 INFO app.server: Handled request 9040 in 163ms
2025-03-28 08:31:31 WARN app.server: Handled request 2042 in 118ms
2025-03-28 08:31:35 INFO app.server: Handled request 5503 in 36ms
2025-03-28 08:31:36 ERROR app.server: Handled request 8656 in 79ms
system: boot complete
2025-03-28 08:31:40 ERROR app.server: Handled request 4589 in 69ms
2025-03-28 08:31:43 INFO app.server: Handled request 6311 in 139ms
2025-03-28 08:31:44 INFO app.server: Handled request 233 in 156ms
2025-03-28 08:31:46 INFO app.server: Handled request 4660 in 96ms
2025-03-28 08:31:50 WARN app.server: Handled request 1422 in 175ms
2025-03-28 08:31:51 ERROR app.server: Handled request 9080 in 58ms
2025-03-28 08:31:52 ERROR app.server: Handled request 4301 in 11ms
2025-03-28 08:31:56 WARN app.server: Handled request 3082 in 192ms
2025-03-28 08:31:58 WARN app.server: Handled request 2471 in 39ms
2025-03-28 08:32:02 INFO app.server: Handled request 6252 in 77ms
2025-03-28 08:32:06 INFO app.server: Handled request 9181 in 83ms
2025-03-28 08:32:07 INFO app.server: Handled request 8972 in 89ms
2025-03-28 08:32:08 INFO app.server: Handled request 9537 in 191ms
2025-03-28 08:32:09 INFO app.server: Handled request 6024 in 9ms
2025-03-28 08:32:11 ERROR app.server: Handled request 5918 in 45ms
2025-03-28 08:32:12 WARN app.server: Handled request 3024 in 151ms
2025-03-28 08:32:16 WARN app.server: Handled request 9692 in 106ms
2025-03-28 08:32:20 INFO app.server: Handled request 981 in 95ms
2025-03-28 08:32:21 INFO app.server: Handled request 9386 in 48ms
2025-03-28 08:32:25 INFO app.server: Handled request 4627 in 188ms
2025-03-28 08:32:28 INFO app.server: Handled request 3365 in 177ms
2025-03-28 08:32:29 ERROR app.server: Handled request 1256 in 61ms
2025-03-28 08:32:32 ERROR app.server: Handled request 9711 in 143ms
2025-03-28 08:32:35 WARN app.server: Handled request 448 in 170ms
2025-03-28 08:32:36 ERROR app.server: Handled request 86 in 166ms
2025-03-28 08:32:38 ERROR app.server: Handled request 6216 in 32ms
2025-03-28 08:32:41 WARN app.server: Handled request 8574 in 197ms
2025-03-28 08:32:43 WARN app.server: Handled request 7210 in 103ms
2025-03-28 08:32:45 WARN app.server: Handled request 7519 in 97ms
2025-03-28 08:32:46 WARN app.server: Handled request 714 in 184ms
2025-03-28 08:32:48 ERROR app.server: Handled request 7859 in 159ms
2025-03-28 08:32:50 WARN app.server: Handled request 8637 in 33ms
2025-03-28 08:32:53 INFO app.server: Handled request 7249 in 105ms
2025-03-28 08:32:56 INFO app.server: Handled request 6270 in 155ms
2025-03-28 08:32:58 INFO app.server: Handled request 346 in 37ms
2025-03-28 08:33:00 INFO app.server: Handled request 9904 in 36ms
2025-03-28 08:33:03 WARN app.server: Handled request 7723 in 125ms
2025-03-28 08:33:04 INFO app.server: Handled request 3551 in 123ms
2025-03-28 08:33:08 INFO app.server: Handled request 8362 in 167ms
2025-03-28 08:33:01 INFO app.server: Handled request 164 in 111ms
2025-03-28 08:33:13 INFO app.server: Handled request 1548 in 177ms
2025-03-28 08:33:14 INFO app.server: Handled request 653 in 31ms
2025-03-28 08:33:16 INFO app.server: Handled request 633 in 132ms
2025-03-28 08:33:20 INFO app.server: Handled request 4247 in 102ms
2025-03-28 08:33:23 ERROR app.server: Handled request 3462 in 75ms
2025-03-28 08:33:25 WARN app.server: Handled request 2940 in 43ms
2025-03-28 08:33:28 INFO app.server: Handled request 7141 in 166ms
2025-03-28 08:33:32 ERROR app.server: Handled request 4791 in 11ms
2025-03-28 08:33:33 INFO app.server: Handled request 4874 in 43ms
2025-03-28 08:33:36 INFO app.server: Handled request 2010 in 4ms
2025-03-28 08:33:38 WARN app.server: Handled request 9698 in 179ms
2025-03-28 08:33:40 ERROR app.server: Handled request 2861 in 169ms
2025-03-28 08:33:44 INFO app.server: Handled request 5576 in 157ms
2025-03-28 08:33:46 ERROR app.server: Handled request 4382 in 38ms
2025-03-28 08:33:48 WARN app.server: Handled request 6560 in 144ms
2025-03-28 08:33:50 WARN app.server: Handled request 657 in 144ms
2025-03-28 08:33:54 WARN app.server: Handled request 5048 in 126ms
2025-03-28 08:33:57 INFO app.server: Handled request 4932 in 34ms
2025-03-28 08:33:59 WARN app.server: Handled request 7430 in 193ms
2025-03-28 08:34:02 ERROR app.server: Handled request 5229 in 49ms
2025-03-28 08:34:04 INFO app.server: Handled request 8899 in 148ms
2025-03-28 08:34:08 INFO app.server: Handled request 6292 in 10ms
2025-03-28 08:34:09 WARN app.server: Handled request 9197 in 9ms
2025-03-28 08:34:11 ERROR app.server: Handled request 5637 in 176ms
2025-03-28 08:34:14 INFO app.server: Handled request 7803 in 41ms
2025-03-28 08:34:15 INFO app.server: Handled request 3836 in 92ms
2025-03-28 08:34:19 INFO app.server: Handled request 8984 in 157ms
2025-03-28 08:34:21 ERROR app.server: Handled request 7539 in 25ms
2025-03-28 08:34:22 WARN app.server: Handled request 8727 in 134ms
2025-03-28 08:34:24 WARN app.server: Handled request 9485 in 103ms
2025-03-28 08:34:27 ERROR app.server: Handled request 2580 in 53ms
2025-03-28 08:34:31 ERROR app.server: Handled request 4330 in 26ms
2025-03-28 08:34:34 ERROR app.server: Handled request 9682 in 104ms
2025-03-28 08:34:37 INFO app.server: Handled request 9331 in 189ms
2025-03-28 08:34:40 WARN app.server: Handled request 4565 in 80ms
2025-03-28 08:34:42 INFO app.server: Handled request 5370 in 165ms
2025-03-28 08:34:46 INFO app.server: Handled request 13 in 157ms
2025-03-28 08:34:48 INFO app.server: Handled request 9232 in 35ms
2025-03-28 08:34:49 INFO app.server: Handled request 1457 in 94ms
2025-03-28 08:34:52 INFO app.server: Handled request 5736 in 95ms
2025-03-28 08:34:53 WARN app.server: Handled request 6709 in 199ms
2025-03-28 08:34:57 ERROR app.server: Handled request 3106 in 130ms
2025-03-28 08:34:59 ERROR app.server: Handled request 1625 in 189ms
2025-03-28 08:35:03 ERROR app.server: Handled request 8485 in 70ms
2025-03-28 08:35:05 INFO app.server: Handled request 8932 in 8ms
2025-03-28 08:35:06 INFO app.server: Handled request 7935 in 89ms
2025-03-28 08:35:09 ERROR app.server: Handled request 9426 in 189ms
2025-03-28 08:35:13 ERROR app.server: Handled request 2310 in 11ms
2025-03-28 08:35:15 WARN app.server: Handled request 2394 in 21ms
2025-03-28 09:58:35 INFO app.server: Handled request 804 in 84ms
2025-03-28 09:58:36 INFO app.server: Handled request 1441 in 70ms
2025-03-28 09:58:40 WARN app.server: Handled request 8568 in 4ms
2025-03-28 09:58:42 INFO app.server: Handled request 6438 in 196ms
2025-03-28 09:58:46 WARN app.server: Handled request 2365 in 124ms
2025-03-28 09:58:47 WARN app.server: Handled request 2739 in 102ms
2025-03-28 09:58:51 INFO app.server: Handled request 3411 in 112ms
2025-03-28 09:58:54 INFO app.server: Handled request 6883 in 9ms
2025-03-28 09:58:57 INFO app.server: Handled request 7715 in 79ms
2025-03-28 09:59:00 INFO app.server: Handled request 6347 in 101ms
2025-03-28 09:59:01 INFO app.server: Handled request 4680 in 42ms
2025-03-28 09:59:04 INFO app.server: Handled request 5868 in 185ms
2025-03-28 09:59:05 INFO app.server: Handled request 8167 in 119ms
2025-03-28 09:59:06 INFO app.server: Handled request 5244 in 120ms
2025-03-28 09:59:07 INFO app.server: Handled request 1391 in 44ms
2025-03-28 09:59:10 INFO app.server: Handled request 2677 in 8ms
2025-03-28 09:59:14 INFO app.server: Handled request 82 in 174ms
2025-03-28 09:59:16 INFO app.server: Handled request 7151 in 47ms
2025-03-28 09:59:17 INFO app.server: Handled request 5775 in 44ms
2025-03-28 09:59:19 WARN app.server: Handled request 7261 in 13ms
2025-03-28 09:59:22 ERROR app.server: Handled request 5369 in 164ms
2025-03-28 09:59:26 WARN app.server: Handled request 511 in 141ms
2025-03-28 09:59:29 INFO app.server: Handled request 6092 in 125ms
2025-03-28 09:59:32 INFO app.server: Handled request 3283 in 82ms
2025-03-28 09:59:33 WARN app.server: Handled request 7577 in 73ms
2025-03-28 09:59:34 ERROR app.server: Handled request 2208 in 38ms
2025-03-28 09:59:38 WARN app.server: Handled request 1192 in 163ms
2025-03-28 09:59:42 INFO app.server: Handled request 8088 in 108ms
2025-03-28 09:59:45 ERROR app.server: Handled request 4209 in 50ms
2025-03-28 09:59:48 INFO app.server: Handled request 6811 in 18ms
2025-03-28 09:59:51 INFO app.server: Handled request 2512 in 60ms
2025-03-28 09:59:53 WARN app.server: Handled request 3433 in 134ms
2025-03-28 09:59:55 WARN app.server: Handled request 2481 in 31ms
2025-03-28 09:59:58 WARN app.server: Handled request 8653 in 195ms
2025-03-28 10:00:00 INFO app.server: Handled request 5296 in 175ms
2025-03-28 10:00:04 INFO app.server: Handled request 7939 in 162ms
2025-03-28 10:00:08 INFO app.server: Handled request 3136 in 4ms
2025-03-28 10:00:10 ERROR app.server: Handled request 7681 in 157ms
2025-03-28 10:00:13 INFO app.server: Handled request 991 in 27ms
2025-03-28 10:00:15 WARN app.server: Handled request 7103 in 101ms
2025-03-28 10:00:17 ERROR app.server: Handled request 848 in 135ms
2025-03-28 10:00:19 WARN app.server: Handled request 7374 in 81ms
2025-03-28 10:00:21 INFO app.server: Handled request 2131 in 160ms
2025-03-28 10:00:23 INFO app.server: Handled request 4210 in 137ms
2025-03-28 10:00:27 INFO app.server: Handled request 4551 in 84ms
2025-03-28 10:00:28 WARN app.server: Handled request 2299 in 159ms
2025-03-28 10:00:30 INFO app.server: Handled request 5398 in 101ms
2025-03-28 10:00:33 ERROR app.server: Handled request 2937 in 181ms
2025-03-28 10:00:35 ERROR app.server: Handled request 2088 in 191ms
2025-03-28 10:00:36 ERROR app.server: Handled request 3012 in 185ms
2025-03-28 10:00:37 INFO app.server: Handled request 5648 in 71ms
2025-03-28 10:00:38 ERROR app.server: Handled request 9490 in 93ms
2025-03-28 10:00:41 INFO app.server: Handled request 9220 in 167ms
2025-03-28 10:00:42 INFO app.server: Handled request 8582 in 95ms
2025-03-28 10:00:44 WARN app.server: Handled request 5968 in 73ms
2025-03-28 10:00:47 WARN app.server: Handled request 5663 in 114ms
2025-03-28 10:00:48 INFO app.server: Handled request 4050 in 13ms
2025-03-28 10:00:51 ERROR app.server: Handled request 7287 in 158ms
2025-03-28 10:00:54 INFO app.server: Handled request 1919 in 69ms
2025-03-28 10:00:58 INFO app.server: Handled request 8301 in 81ms

2025-03-28 10:01:05 INFO app.server: Handled request 6603 in 158ms
2025-03-28 10:01:08 INFO app.server: Handled request 3855 in 129ms
2025-03-28 10:01:09 INFO app.server: Handled request 7109 in 70ms
2025-03-28 10:01:12 INFO app.server: Handled request 7813 in 9ms
2025-03-28 10:01:16 ERROR app.server: Handled request 9024 in 110ms
2025-03-28 10:01:19 WARN app.server: Handled request 1932 in 88ms
2025-03-28 10:01:21 WARN app.server: Handled request 609 in 149ms
2025-03-28 10:01:24 INFO app.server: Handled request 2669 in 83ms
2025-03-28 10:01:27 WARN app.server: Handled request 1844 in 122ms
2025-03-28 10:01:31 WARN app.server: Handled request 3332 in 9ms
2025-03-28 10:01:32 INFO app.server: Handled request 4229 in 62ms
2025-03-28 10:01:33 INFO app.server: Handled request 2304 in 111ms
2025-03-28 10:01:37 INFO app.server: Handled request 4930 in 111ms
2025-03-28 10:01:41 INFO app.server: Handled request 4273 in 30ms
2025-03-28 10:01:44 WARN app.server: Handled request 6511 in 135ms
2025-03-28 10:01:46 WARN app.server: Handled request 6985 in 1ms
2025-03-28 10:01:47 INFO app.server: Handled request 8492 in 154ms
2025-03-28 10:01:50 INFO app.server: Handled request 4135 in 150ms
2025-03-28 10:01:54 WARN app.server: Handled request 2123 in 180ms
2025-03-28 10:01:55 ERROR app.server: Handled request 1325 in 167ms
2025-03-28 10:01:57 WARN app.server: Handled request 2698 in 6ms
2025-03-28 10:01:59 INFO app.server: Handled request 701 in 86ms
2025-03-28 10:02:03 INFO app.server: Handled request 3911 in 62ms
2025-03-28 10:02:06 INFO app.server: Handled request 8510 in 151ms
2025-03-28 10:02:09 INFO app.server: Handled request 2889 in 137ms
2025-03-28 10:02:10 INFO app.server: Handled request 4543 in 142ms
2025-03-28 10:02:12 INFO app.server: Handled request 4949 in 12ms
2025-03-28 10:02:13 WARN app.server: Handled request 7227 in 46ms
2025-03-28 10:02:16 INFO app.server: Handled request 5252 in 101ms
2025-03-28 10:02:17 INFO app.server: Handled request 2704 in 178ms
2025-03-28 10:02:18 WARN app.server: Handled request 2087 in 110ms
2025-03-28 10:02:20 INFO app.server: Handled request 834 in 197ms
2025-03-28 10:02:24 INFO app.server: Handled request 5863 in 136ms
2025-03-28 10:02:26 INFO app.server: Handled request 8135 in 88ms
2025-03-28 10:02:29 WARN app.server: Handled request 8857 in 163ms
2025-03-28 10:02:31 WARN app.server: Handled request 6298 in 155ms
2025-03-28 10:02:33 WARN app.server: Handled request 6393 in 193ms
2025-03-28 10:02:34 INFO app.server: Handled request 4504 in 144ms
2025-03-28 10:02:36 WARN app.server: Handled request 768 in 139ms
2025-03-28 10:02:40 INFO app.server: Handled request 5020 in 26ms
